This file contains any messages produced by compilers while
running configure, to aid debugging if configure makes a mistake.

It was created by setup-configure, which was
generated by GNU Autoconf 2.63.  Invocation command line was

  $ ./setup-configure 

## --------- ##
## Platform. ##
## --------- ##

hostname = byshen-pc
uname -m = x86_64
uname -r = 4.15.0-76-generic
uname -s = Linux
uname -v = #86~16.04.1-Ubuntu SMP Mon Jan 20 11:02:50 UTC 2020

/usr/bin/uname -p = unknown
/bin/uname -X     = unknown

/bin/arch              = unknown
/usr/bin/arch -k       = unknown
/usr/convex/getsysinfo = unknown
/usr/bin/hostinfo      = unknown
/bin/machine           = unknown
/usr/bin/oslevel       = unknown
/bin/universe          = unknown

PATH: /home/byshen/clang_files/llvm-9.0.0.obj/bin
PATH: /home/byshen/.cargo/bin
PATH: /usr/local/sbin
PATH: /usr/local/bin
PATH: /usr/sbin
PATH: /usr/bin
PATH: /sbin
PATH: /bin
PATH: /usr/games
PATH: /usr/local/games


## ----------- ##
## Core tests. ##
## ----------- ##

setup-configure:1826: checking for gcc
setup-configure:1853: result: wllvm
setup-configure:2085: checking for C compiler version
setup-configure:2093: wllvm --version >&5
clang version 3.8.0-2ubuntu4 (tags/RELEASE_380/final)
Target: x86_64-pc-linux-gnu
Thread model: posix
InstalledDir: /usr/bin
setup-configure:2097: $? = 0
setup-configure:2104: wllvm -v >&5
clang version 3.8.0-2ubuntu4 (tags/RELEASE_380/final)
Target: x86_64-pc-linux-gnu
Thread model: posix
InstalledDir: /usr/bin
Found candidate GCC installation: /usr/bin/../lib/gcc/i686-linux-gnu/6.0.0
Found candidate GCC installation: /usr/bin/../lib/gcc/x86_64-linux-gnu/5.4.0
Found candidate GCC installation: /usr/bin/../lib/gcc/x86_64-linux-gnu/6.0.0
Found candidate GCC installation: /usr/lib/gcc/i686-linux-gnu/6.0.0
Found candidate GCC installation: /usr/lib/gcc/x86_64-linux-gnu/5.4.0
Found candidate GCC installation: /usr/lib/gcc/x86_64-linux-gnu/6.0.0
Selected GCC installation: /usr/bin/../lib/gcc/x86_64-linux-gnu/5.4.0
Candidate multilib: .;@m64
Candidate multilib: 32;@m32
Candidate multilib: x32;@mx32
Selected multilib: .;@m64
Found CUDA installation: /usr/local/cuda
setup-configure:2108: $? = 0
setup-configure:2115: wllvm -V >&5
WARNING:Did not recognize the compiler flag "-V"
clang: error: argument to '-V' is missing (expected 1 value)
clang: error: no input files
ERROR:Failed to compile using given arguments: [-V]
setup-configure:2119: $? = 1
setup-configure:2142: checking for C compiler default output file name
setup-configure:2164: wllvm    conftest.c  >&5
setup-configure:2168: $? = 0
setup-configure:2206: result: a.out
setup-configure:2225: checking whether the C compiler works
setup-configure:2235: ./a.out
setup-configure:2239: $? = 0
setup-configure:2258: result: yes
setup-configure:2265: checking whether we are cross compiling
setup-configure:2267: result: no
setup-configure:2270: checking for suffix of executables
setup-configure:2277: wllvm -o conftest    conftest.c  >&5
setup-configure:2281: $? = 0
setup-configure:2307: result: 
setup-configure:2313: checking for suffix of object files
setup-configure:2339: wllvm -c   conftest.c >&5
setup-configure:2343: $? = 0
setup-configure:2368: result: o
setup-configure:2372: checking whether we are using the GNU C compiler
setup-configure:2401: wllvm -c   conftest.c >&5
setup-configure:2408: $? = 0
setup-configure:2425: result: yes
setup-configure:2434: checking whether wllvm accepts -g
setup-configure:2464: wllvm -c -g  conftest.c >&5
setup-configure:2471: $? = 0
setup-configure:2572: result: yes
setup-configure:2589: checking for wllvm option to accept ISO C89
setup-configure:2663: wllvm  -c -g -O2  conftest.c >&5
setup-configure:2670: $? = 0
setup-configure:2693: result: none needed
setup-configure:2724: checking return type of signal handlers
setup-configure:2752: wllvm -c -g -O2  conftest.c >&5
conftest.c:15:8: error: indirection requires pointer operand ('void' invalid)
return *(signal (0, 0)) (0) == 1;
       ^~~~~~~~~~~~~~~~~~~~
1 error generated.
ERROR:Failed to compile using given arguments: [-c -g -O2 conftest.c]
setup-configure:2759: $? = 1
setup-configure: failed program was:
| /* confdefs.h.  */
| #define PACKAGE_NAME ""
| #define PACKAGE_TARNAME ""
| #define PACKAGE_VERSION ""
| #define PACKAGE_STRING ""
| #define PACKAGE_BUGREPORT ""
| #define WALL ""
| /* end confdefs.h.  */
| #include <sys/types.h>
| #include <signal.h>
| 
| int
| main ()
| {
| return *(signal (0, 0)) (0) == 1;
|   ;
|   return 0;
| }
setup-configure:2774: result: void
setup-configure:2825: checking for ranlib
setup-configure:2841: found /usr/bin/ranlib
setup-configure:2852: result: ranlib
setup-configure:2878: checking for bison
setup-configure:2894: found /usr/bin/bison
setup-configure:2905: result: bison -y
setup-configure:2921: checking for bison
setup-configure:2937: found /usr/bin/bison
setup-configure:2948: result: bison
setup-configure:2971: checking for sysconf
setup-configure:3027: wllvm -o conftest -g -O2   conftest.c  >&5
setup-configure:3034: $? = 0
setup-configure:3056: result: yes
setup-configure:3072: checking for strdup
setup-configure:3128: wllvm -o conftest -g -O2   conftest.c  >&5
conftest.c:34:6: warning: incompatible redeclaration of library function 'strdup' [-Wincompatible-library-redeclaration]
char strdup ();
     ^
conftest.c:34:6: note: 'strdup' is a builtin with type 'char *(const char *)'
1 warning generated.
conftest.c:34:6: warning: incompatible redeclaration of library function 'strdup' [-Wincompatible-library-redeclaration]
char strdup ();
     ^
conftest.c:34:6: note: 'strdup' is a builtin with type 'char *(const char *)'
1 warning generated.
conftest.c:34:6: warning: incompatible redeclaration of library function 'strdup' [-Wincompatible-library-redeclaration]
char strdup ();
     ^
conftest.c:34:6: note: 'strdup' is a builtin with type 'char *(const char *)'
1 warning generated.
setup-configure:3135: $? = 0
setup-configure:3157: result: yes
setup-configure:3173: checking for rindex
setup-configure:3229: wllvm -o conftest -g -O2   conftest.c  >&5
conftest.c:35:6: warning: incompatible redeclaration of library function 'rindex' [-Wincompatible-library-redeclaration]
char rindex ();
     ^
conftest.c:35:6: note: 'rindex' is a builtin with type 'char *(const char *, int)'
1 warning generated.
conftest.c:35:6: warning: incompatible redeclaration of library function 'rindex' [-Wincompatible-library-redeclaration]
char rindex ();
     ^
conftest.c:35:6: note: 'rindex' is a builtin with type 'char *(const char *, int)'
1 warning generated.
conftest.c:35:6: warning: incompatible redeclaration of library function 'rindex' [-Wincompatible-library-redeclaration]
char rindex ();
     ^
conftest.c:35:6: note: 'rindex' is a builtin with type 'char *(const char *, int)'
1 warning generated.
setup-configure:3236: $? = 0
setup-configure:3258: result: yes
setup-configure:3274: checking for random
setup-configure:3330: wllvm -o conftest -g -O2   conftest.c  >&5
setup-configure:3337: $? = 0
setup-configure:3359: result: yes
setup-configure:3375: checking for bcopy
setup-configure:3431: wllvm -o conftest -g -O2   conftest.c  >&5
setup-configure:3438: $? = 0
setup-configure:3460: result: yes
setup-configure:3476: checking for getdtablesize
setup-configure:3532: wllvm -o conftest -g -O2   conftest.c  >&5
setup-configure:3539: $? = 0
setup-configure:3561: result: yes
setup-configure:3577: checking for strsignal
setup-configure:3633: wllvm -o conftest -g -O2   conftest.c  >&5
setup-configure:3640: $? = 0
setup-configure:3662: result: yes
setup-configure:3678: checking for ftruncate
setup-configure:3734: wllvm -o conftest -g -O2   conftest.c  >&5
setup-configure:3741: $? = 0
setup-configure:3763: result: yes
setup-configure:3779: checking for setrlimit
setup-configure:3835: wllvm -o conftest -g -O2   conftest.c  >&5
setup-configure:3842: $? = 0
setup-configure:3864: result: yes
setup-configure:3880: checking for madvise
setup-configure:3936: wllvm -o conftest -g -O2   conftest.c  >&5
setup-configure:3943: $? = 0
setup-configure:3965: result: yes
setup-configure:3981: checking for msync
setup-configure:4037: wllvm -o conftest -g -O2   conftest.c  >&5
setup-configure:4044: $? = 0
setup-configure:4066: result: yes
setup-configure:4082: checking for strncasecmp
setup-configure:4138: wllvm -o conftest -g -O2   conftest.c  >&5
conftest.c:44:6: warning: incompatible redeclaration of library function 'strncasecmp' [-Wincompatible-library-redeclaration]
char strncasecmp ();
     ^
conftest.c:44:6: note: 'strncasecmp' is a builtin with type 'int (const char *, const char *, unsigned long)'
1 warning generated.
conftest.c:44:6: warning: incompatible redeclaration of library function 'strncasecmp' [-Wincompatible-library-redeclaration]
char strncasecmp ();
     ^
conftest.c:44:6: note: 'strncasecmp' is a builtin with type 'int (const char *, const char *, unsigned long)'
1 warning generated.
conftest.c:44:6: warning: incompatible redeclaration of library function 'strncasecmp' [-Wincompatible-library-redeclaration]
char strncasecmp ();
     ^
conftest.c:44:6: note: 'strncasecmp' is a builtin with type 'int (const char *, const char *, unsigned long)'
1 warning generated.
setup-configure:4145: $? = 0
setup-configure:4167: result: yes
setup-configure:4183: checking for mktemp
setup-configure:4239: wllvm -o conftest -g -O2   conftest.c  >&5
/tmp/conftest-c73d3c.o: In function `main':
/home/byshen/SecLog/msql-4.2/conftest.c:56: warning: the use of `mktemp' is dangerous, better use `mkstemp' or `mkdtemp'
.conftest.o: In function `main':
/home/byshen/SecLog/msql-4.2/conftest.c:56: warning: the use of `mktemp' is dangerous, better use `mkstemp' or `mkdtemp'
setup-configure:4246: $? = 0
setup-configure:4268: result: yes
setup-configure:4284: checking for snprintf
setup-configure:4340: wllvm -o conftest -g -O2   conftest.c  >&5
conftest.c:46:6: warning: incompatible redeclaration of library function 'snprintf' [-Wincompatible-library-redeclaration]
char snprintf ();
     ^
conftest.c:46:6: note: 'snprintf' is a builtin with type 'int (char *, unsigned long, const char *, ...)'
1 warning generated.
conftest.c:46:6: warning: incompatible redeclaration of library function 'snprintf' [-Wincompatible-library-redeclaration]
char snprintf ();
     ^
conftest.c:46:6: note: 'snprintf' is a builtin with type 'int (char *, unsigned long, const char *, ...)'
1 warning generated.
conftest.c:46:6: warning: incompatible redeclaration of library function 'snprintf' [-Wincompatible-library-redeclaration]
char snprintf ();
     ^
conftest.c:46:6: note: 'snprintf' is a builtin with type 'int (char *, unsigned long, const char *, ...)'
1 warning generated.
setup-configure:4347: $? = 0
setup-configure:4369: result: yes
setup-configure:4385: checking for strtoul
setup-configure:4441: wllvm -o conftest -g -O2   conftest.c  >&5
setup-configure:4448: $? = 0
setup-configure:4470: result: yes
setup-configure:4486: checking for strptime
setup-configure:4542: wllvm -o conftest -g -O2   conftest.c  >&5
setup-configure:4549: $? = 0
setup-configure:4571: result: yes
setup-configure:4587: checking for strerror
setup-configure:4643: wllvm -o conftest -g -O2   conftest.c  >&5
conftest.c:49:6: warning: incompatible redeclaration of library function 'strerror' [-Wincompatible-library-redeclaration]
char strerror ();
     ^
conftest.c:49:6: note: 'strerror' is a builtin with type 'char *(int)'
1 warning generated.
conftest.c:49:6: warning: incompatible redeclaration of library function 'strerror' [-Wincompatible-library-redeclaration]
char strerror ();
     ^
conftest.c:49:6: note: 'strerror' is a builtin with type 'char *(int)'
1 warning generated.
conftest.c:49:6: warning: incompatible redeclaration of library function 'strerror' [-Wincompatible-library-redeclaration]
char strerror ();
     ^
conftest.c:49:6: note: 'strerror' is a builtin with type 'char *(int)'
1 warning generated.
setup-configure:4650: $? = 0
setup-configure:4672: result: yes
setup-configure:4688: checking for flock
setup-configure:4744: wllvm -o conftest -g -O2   conftest.c  >&5
setup-configure:4751: $? = 0
setup-configure:4773: result: yes
setup-configure:4786: checking for main in -lsocket
setup-configure:4815: wllvm -o conftest -g -O2   conftest.c -lsocket   >&5
/usr/bin/ld: cannot find -lsocket
clang: error: linker command failed with exit code 1 (use -v to see invocation)
ERROR:Failed to compile using given arguments: [-o conftest -g -O2 conftest.c -lsocket]
setup-configure:4822: $? = 1
setup-configure: failed program was:
| /* confdefs.h.  */
| #define PACKAGE_NAME ""
| #define PACKAGE_TARNAME ""
| #define PACKAGE_VERSION ""
| #define PACKAGE_STRING ""
| #define PACKAGE_BUGREPORT ""
| #define WALL ""
| #define RETSIGTYPE void
| #define HAVE_SYSCONF 1
| #define HAVE_STRDUP 1
| #define HAVE_RINDEX 1
| #define HAVE_RANDOM 1
| #define HAVE_BCOPY 1
| #define HAVE_GETDTABLESIZE 1
| #define HAVE_STRSIGNAL 1
| #define HAVE_FTRUNCATE 1
| #define HAVE_SETRLIMIT 1
| #define HAVE_MADVISE 1
| #define HAVE_MSYNC 1
| #define HAVE_STRNCASECMP 1
| #define HAVE_MKTEMP 1
| #define HAVE_SNPRINTF 1
| #define HAVE_STRTOUL 1
| #define HAVE_STRPTIME 1
| #define HAVE_STRERROR 1
| #define HAVE_FLOCK 1
| /* end confdefs.h.  */
| 
| 
| int
| main ()
| {
| return main ();
|   ;
|   return 0;
| }
setup-configure:4843: result: no
setup-configure:4856: checking for main in -lnsl
setup-configure:4885: wllvm -o conftest -g -O2   conftest.c -lnsl   >&5
setup-configure:4892: $? = 0
setup-configure:4913: result: yes
setup-configure:4926: checking for main in -lgen
setup-configure:4955: wllvm -o conftest -g -O2   conftest.c -lgen  -lnsl  >&5
/usr/bin/ld: cannot find -lgen
clang: error: linker command failed with exit code 1 (use -v to see invocation)
ERROR:Failed to compile using given arguments: [-o conftest -g -O2 conftest.c -lgen -lnsl]
setup-configure:4962: $? = 1
setup-configure: failed program was:
| /* confdefs.h.  */
| #define PACKAGE_NAME ""
| #define PACKAGE_TARNAME ""
| #define PACKAGE_VERSION ""
| #define PACKAGE_STRING ""
| #define PACKAGE_BUGREPORT ""
| #define WALL ""
| #define RETSIGTYPE void
| #define HAVE_SYSCONF 1
| #define HAVE_STRDUP 1
| #define HAVE_RINDEX 1
| #define HAVE_RANDOM 1
| #define HAVE_BCOPY 1
| #define HAVE_GETDTABLESIZE 1
| #define HAVE_STRSIGNAL 1
| #define HAVE_FTRUNCATE 1
| #define HAVE_SETRLIMIT 1
| #define HAVE_MADVISE 1
| #define HAVE_MSYNC 1
| #define HAVE_STRNCASECMP 1
| #define HAVE_MKTEMP 1
| #define HAVE_SNPRINTF 1
| #define HAVE_STRTOUL 1
| #define HAVE_STRPTIME 1
| #define HAVE_STRERROR 1
| #define HAVE_FLOCK 1
| #define HAVE_LIBNSL 1
| /* end confdefs.h.  */
| 
| 
| int
| main ()
| {
| return main ();
|   ;
|   return 0;
| }
setup-configure:4983: result: no
setup-configure:4996: checking for main in -lx
setup-configure:5025: wllvm -o conftest -g -O2   conftest.c -lx  -lnsl  >&5
/usr/bin/ld: cannot find -lx
clang: error: linker command failed with exit code 1 (use -v to see invocation)
ERROR:Failed to compile using given arguments: [-o conftest -g -O2 conftest.c -lx -lnsl]
setup-configure:5032: $? = 1
setup-configure: failed program was:
| /* confdefs.h.  */
| #define PACKAGE_NAME ""
| #define PACKAGE_TARNAME ""
| #define PACKAGE_VERSION ""
| #define PACKAGE_STRING ""
| #define PACKAGE_BUGREPORT ""
| #define WALL ""
| #define RETSIGTYPE void
| #define HAVE_SYSCONF 1
| #define HAVE_STRDUP 1
| #define HAVE_RINDEX 1
| #define HAVE_RANDOM 1
| #define HAVE_BCOPY 1
| #define HAVE_GETDTABLESIZE 1
| #define HAVE_STRSIGNAL 1
| #define HAVE_FTRUNCATE 1
| #define HAVE_SETRLIMIT 1
| #define HAVE_MADVISE 1
| #define HAVE_MSYNC 1
| #define HAVE_STRNCASECMP 1
| #define HAVE_MKTEMP 1
| #define HAVE_SNPRINTF 1
| #define HAVE_STRTOUL 1
| #define HAVE_STRPTIME 1
| #define HAVE_STRERROR 1
| #define HAVE_FLOCK 1
| #define HAVE_LIBNSL 1
| /* end confdefs.h.  */
| 
| 
| int
| main ()
| {
| return main ();
|   ;
|   return 0;
| }
setup-configure:5053: result: no
setup-configure:5066: checking for dlopen in -ldl
setup-configure:5101: wllvm -o conftest -g -O2   conftest.c -ldl  -lnsl  >&5
setup-configure:5108: $? = 0
setup-configure:5129: result: yes
setup-configure:5145: checking how to run the C preprocessor
setup-configure:5185: wllvm -E  conftest.c
setup-configure:5192: $? = 0
setup-configure:5223: wllvm -E  conftest.c
conftest.c:30:10: fatal error: 'ac_nonexistent.h' file not found
#include <ac_nonexistent.h>
         ^
1 error generated.
ERROR:Failed to compile using given arguments: [-E conftest.c]
setup-configure:5230: $? = 1
setup-configure: failed program was:
| /* confdefs.h.  */
| #define PACKAGE_NAME ""
| #define PACKAGE_TARNAME ""
| #define PACKAGE_VERSION ""
| #define PACKAGE_STRING ""
| #define PACKAGE_BUGREPORT ""
| #define WALL ""
| #define RETSIGTYPE void
| #define HAVE_SYSCONF 1
| #define HAVE_STRDUP 1
| #define HAVE_RINDEX 1
| #define HAVE_RANDOM 1
| #define HAVE_BCOPY 1
| #define HAVE_GETDTABLESIZE 1
| #define HAVE_STRSIGNAL 1
| #define HAVE_FTRUNCATE 1
| #define HAVE_SETRLIMIT 1
| #define HAVE_MADVISE 1
| #define HAVE_MSYNC 1
| #define HAVE_STRNCASECMP 1
| #define HAVE_MKTEMP 1
| #define HAVE_SNPRINTF 1
| #define HAVE_STRTOUL 1
| #define HAVE_STRPTIME 1
| #define HAVE_STRERROR 1
| #define HAVE_FLOCK 1
| #define HAVE_LIBNSL 1
| #define HAVE_LIBDL 1
| /* end confdefs.h.  */
| #include <ac_nonexistent.h>
setup-configure:5263: result: wllvm -E
setup-configure:5292: wllvm -E  conftest.c
setup-configure:5299: $? = 0
setup-configure:5330: wllvm -E  conftest.c
conftest.c:30:10: fatal error: 'ac_nonexistent.h' file not found
#include <ac_nonexistent.h>
         ^
1 error generated.
ERROR:Failed to compile using given arguments: [-E conftest.c]
setup-configure:5337: $? = 1
setup-configure: failed program was:
| /* confdefs.h.  */
| #define PACKAGE_NAME ""
| #define PACKAGE_TARNAME ""
| #define PACKAGE_VERSION ""
| #define PACKAGE_STRING ""
| #define PACKAGE_BUGREPORT ""
| #define WALL ""
| #define RETSIGTYPE void
| #define HAVE_SYSCONF 1
| #define HAVE_STRDUP 1
| #define HAVE_RINDEX 1
| #define HAVE_RANDOM 1
| #define HAVE_BCOPY 1
| #define HAVE_GETDTABLESIZE 1
| #define HAVE_STRSIGNAL 1
| #define HAVE_FTRUNCATE 1
| #define HAVE_SETRLIMIT 1
| #define HAVE_MADVISE 1
| #define HAVE_MSYNC 1
| #define HAVE_STRNCASECMP 1
| #define HAVE_MKTEMP 1
| #define HAVE_SNPRINTF 1
| #define HAVE_STRTOUL 1
| #define HAVE_STRPTIME 1
| #define HAVE_STRERROR 1
| #define HAVE_FLOCK 1
| #define HAVE_LIBNSL 1
| #define HAVE_LIBDL 1
| /* end confdefs.h.  */
| #include <ac_nonexistent.h>
setup-configure:5377: checking for grep that handles long lines and -e
setup-configure:5437: result: /bin/grep
setup-configure:5442: checking for egrep
setup-configure:5506: result: /bin/grep -E
setup-configure:5511: checking for ANSI C header files
setup-configure:5541: wllvm -c -g -O2  conftest.c >&5
setup-configure:5548: $? = 0
setup-configure:5647: wllvm -o conftest -g -O2   conftest.c -ldl -lnsl  >&5
setup-configure:5651: $? = 0
setup-configure:5657: ./conftest
setup-configure:5661: $? = 0
setup-configure:5679: result: yes
setup-configure:5703: checking for sys/types.h
setup-configure:5724: wllvm -c -g -O2  conftest.c >&5
setup-configure:5731: $? = 0
setup-configure:5748: result: yes
setup-configure:5703: checking for sys/stat.h
setup-configure:5724: wllvm -c -g -O2  conftest.c >&5
setup-configure:5731: $? = 0
setup-configure:5748: result: yes
setup-configure:5703: checking for stdlib.h
setup-configure:5724: wllvm -c -g -O2  conftest.c >&5
setup-configure:5731: $? = 0
setup-configure:5748: result: yes
setup-configure:5703: checking for string.h
setup-configure:5724: wllvm -c -g -O2  conftest.c >&5
setup-configure:5731: $? = 0
setup-configure:5748: result: yes
setup-configure:5703: checking for memory.h
setup-configure:5724: wllvm -c -g -O2  conftest.c >&5
setup-configure:5731: $? = 0
setup-configure:5748: result: yes
setup-configure:5703: checking for strings.h
setup-configure:5724: wllvm -c -g -O2  conftest.c >&5
setup-configure:5731: $? = 0
setup-configure:5748: result: yes
setup-configure:5703: checking for inttypes.h
setup-configure:5724: wllvm -c -g -O2  conftest.c >&5
setup-configure:5731: $? = 0
setup-configure:5748: result: yes
setup-configure:5703: checking for stdint.h
setup-configure:5724: wllvm -c -g -O2  conftest.c >&5
setup-configure:5731: $? = 0
setup-configure:5748: result: yes
setup-configure:5703: checking for unistd.h
setup-configure:5724: wllvm -c -g -O2  conftest.c >&5
setup-configure:5731: $? = 0
setup-configure:5748: result: yes
setup-configure:5778: checking sys/sockio.h usability
setup-configure:5795: wllvm -c -g -O2  conftest.c >&5
conftest.c:73:10: fatal error: 'sys/sockio.h' file not found
#include <sys/sockio.h>
         ^
1 error generated.
ERROR:Failed to compile using given arguments: [-c -g -O2 conftest.c]
setup-configure:5802: $? = 1
setup-configure: failed program was:
| /* confdefs.h.  */
| #define PACKAGE_NAME ""
| #define PACKAGE_TARNAME ""
| #define PACKAGE_VERSION ""
| #define PACKAGE_STRING ""
| #define PACKAGE_BUGREPORT ""
| #define WALL ""
| #define RETSIGTYPE void
| #define HAVE_SYSCONF 1
| #define HAVE_STRDUP 1
| #define HAVE_RINDEX 1
| #define HAVE_RANDOM 1
| #define HAVE_BCOPY 1
| #define HAVE_GETDTABLESIZE 1
| #define HAVE_STRSIGNAL 1
| #define HAVE_FTRUNCATE 1
| #define HAVE_SETRLIMIT 1
| #define HAVE_MADVISE 1
| #define HAVE_MSYNC 1
| #define HAVE_STRNCASECMP 1
| #define HAVE_MKTEMP 1
| #define HAVE_SNPRINTF 1
| #define HAVE_STRTOUL 1
| #define HAVE_STRPTIME 1
| #define HAVE_STRERROR 1
| #define HAVE_FLOCK 1
| #define HAVE_LIBNSL 1
| #define HAVE_LIBDL 1
| #define STDC_HEADERS 1
| #define HAVE_SYS_TYPES_H 1
| #define HAVE_SYS_STAT_H 1
| #define HAVE_STDLIB_H 1
| #define HAVE_STRING_H 1
| #define HAVE_MEMORY_H 1
| #define HAVE_STRINGS_H 1
| #define HAVE_INTTYPES_H 1
| #define HAVE_STDINT_H 1
| #define HAVE_UNISTD_H 1
| /* end confdefs.h.  */
| #include <stdio.h>
| #ifdef HAVE_SYS_TYPES_H
| # include <sys/types.h>
| #endif
| #ifdef HAVE_SYS_STAT_H
| # include <sys/stat.h>
| #endif
| #ifdef STDC_HEADERS
| # include <stdlib.h>
| # include <stddef.h>
| #else
| # ifdef HAVE_STDLIB_H
| #  include <stdlib.h>
| # endif
| #endif
| #ifdef HAVE_STRING_H
| # if !defined STDC_HEADERS && defined HAVE_MEMORY_H
| #  include <memory.h>
| # endif
| # include <string.h>
| #endif
| #ifdef HAVE_STRINGS_H
| # include <strings.h>
| #endif
| #ifdef HAVE_INTTYPES_H
| # include <inttypes.h>
| #endif
| #ifdef HAVE_STDINT_H
| # include <stdint.h>
| #endif
| #ifdef HAVE_UNISTD_H
| # include <unistd.h>
| #endif
| #include <sys/sockio.h>
setup-configure:5816: result: no
setup-configure:5820: checking sys/sockio.h presence
setup-configure:5835: wllvm -E  conftest.c
conftest.c:40:10: fatal error: 'sys/sockio.h' file not found
#include <sys/sockio.h>
         ^
1 error generated.
ERROR:Failed to compile using given arguments: [-E conftest.c]
setup-configure:5842: $? = 1
setup-configure: failed program was:
| /* confdefs.h.  */
| #define PACKAGE_NAME ""
| #define PACKAGE_TARNAME ""
| #define PACKAGE_VERSION ""
| #define PACKAGE_STRING ""
| #define PACKAGE_BUGREPORT ""
| #define WALL ""
| #define RETSIGTYPE void
| #define HAVE_SYSCONF 1
| #define HAVE_STRDUP 1
| #define HAVE_RINDEX 1
| #define HAVE_RANDOM 1
| #define HAVE_BCOPY 1
| #define HAVE_GETDTABLESIZE 1
| #define HAVE_STRSIGNAL 1
| #define HAVE_FTRUNCATE 1
| #define HAVE_SETRLIMIT 1
| #define HAVE_MADVISE 1
| #define HAVE_MSYNC 1
| #define HAVE_STRNCASECMP 1
| #define HAVE_MKTEMP 1
| #define HAVE_SNPRINTF 1
| #define HAVE_STRTOUL 1
| #define HAVE_STRPTIME 1
| #define HAVE_STRERROR 1
| #define HAVE_FLOCK 1
| #define HAVE_LIBNSL 1
| #define HAVE_LIBDL 1
| #define STDC_HEADERS 1
| #define HAVE_SYS_TYPES_H 1
| #define HAVE_SYS_STAT_H 1
| #define HAVE_STDLIB_H 1
| #define HAVE_STRING_H 1
| #define HAVE_MEMORY_H 1
| #define HAVE_STRINGS_H 1
| #define HAVE_INTTYPES_H 1
| #define HAVE_STDINT_H 1
| #define HAVE_UNISTD_H 1
| /* end confdefs.h.  */
| #include <sys/sockio.h>
setup-configure:5856: result: no
setup-configure:5884: checking for sys/sockio.h
setup-configure:5893: result: no
setup-configure:5924: checking sys/mman.h usability
setup-configure:5941: wllvm -c -g -O2  conftest.c >&5
setup-configure:5948: $? = 0
setup-configure:5962: result: yes
setup-configure:5966: checking sys/mman.h presence
setup-configure:5981: wllvm -E  conftest.c
setup-configure:5988: $? = 0
setup-configure:6002: result: yes
setup-configure:6030: checking for sys/mman.h
setup-configure:6039: result: yes
setup-configure:6070: checking dlfcn.h usability
setup-configure:6087: wllvm -c -g -O2  conftest.c >&5
setup-configure:6094: $? = 0
setup-configure:6108: result: yes
setup-configure:6112: checking dlfcn.h presence
setup-configure:6127: wllvm -E  conftest.c
setup-configure:6134: $? = 0
setup-configure:6148: result: yes
setup-configure:6176: checking for dlfcn.h
setup-configure:6185: result: yes
setup-configure:6216: checking sys/dir.h usability
setup-configure:6233: wllvm -c -g -O2  conftest.c >&5
setup-configure:6240: $? = 0
setup-configure:6254: result: yes
setup-configure:6258: checking sys/dir.h presence
setup-configure:6273: wllvm -E  conftest.c
setup-configure:6280: $? = 0
setup-configure:6294: result: yes
setup-configure:6322: checking for sys/dir.h
setup-configure:6331: result: yes
setup-configure:6362: checking dirent.h usability
setup-configure:6379: wllvm -c -g -O2  conftest.c >&5
setup-configure:6386: $? = 0
setup-configure:6400: result: yes
setup-configure:6404: checking dirent.h presence
setup-configure:6419: wllvm -E  conftest.c
setup-configure:6426: $? = 0
setup-configure:6440: result: yes
setup-configure:6468: checking for dirent.h
setup-configure:6477: result: yes
setup-configure:6508: checking netinet/in_systm.h usability
setup-configure:6525: wllvm -c -g -O2  conftest.c >&5
setup-configure:6532: $? = 0
setup-configure:6546: result: yes
setup-configure:6550: checking netinet/in_systm.h presence
setup-configure:6565: wllvm -E  conftest.c
setup-configure:6572: $? = 0
setup-configure:6586: result: yes
setup-configure:6614: checking for netinet/in_systm.h
setup-configure:6623: result: yes
setup-configure:6654: checking arpa/inet.h usability
setup-configure:6671: wllvm -c -g -O2  conftest.c >&5
setup-configure:6678: $? = 0
setup-configure:6692: result: yes
setup-configure:6696: checking arpa/inet.h presence
setup-configure:6711: wllvm -E  conftest.c
setup-configure:6718: $? = 0
setup-configure:6732: result: yes
setup-configure:6760: checking for arpa/inet.h
setup-configure:6769: result: yes
setup-configure:6800: checking select.h usability
setup-configure:6817: wllvm -c -g -O2  conftest.c >&5
conftest.c:79:10: fatal error: 'select.h' file not found
#include <select.h>
         ^
1 error generated.
ERROR:Failed to compile using given arguments: [-c -g -O2 conftest.c]
setup-configure:6824: $? = 1
setup-configure: failed program was:
| /* confdefs.h.  */
| #define PACKAGE_NAME ""
| #define PACKAGE_TARNAME ""
| #define PACKAGE_VERSION ""
| #define PACKAGE_STRING ""
| #define PACKAGE_BUGREPORT ""
| #define WALL ""
| #define RETSIGTYPE void
| #define HAVE_SYSCONF 1
| #define HAVE_STRDUP 1
| #define HAVE_RINDEX 1
| #define HAVE_RANDOM 1
| #define HAVE_BCOPY 1
| #define HAVE_GETDTABLESIZE 1
| #define HAVE_STRSIGNAL 1
| #define HAVE_FTRUNCATE 1
| #define HAVE_SETRLIMIT 1
| #define HAVE_MADVISE 1
| #define HAVE_MSYNC 1
| #define HAVE_STRNCASECMP 1
| #define HAVE_MKTEMP 1
| #define HAVE_SNPRINTF 1
| #define HAVE_STRTOUL 1
| #define HAVE_STRPTIME 1
| #define HAVE_STRERROR 1
| #define HAVE_FLOCK 1
| #define HAVE_LIBNSL 1
| #define HAVE_LIBDL 1
| #define STDC_HEADERS 1
| #define HAVE_SYS_TYPES_H 1
| #define HAVE_SYS_STAT_H 1
| #define HAVE_STDLIB_H 1
| #define HAVE_STRING_H 1
| #define HAVE_MEMORY_H 1
| #define HAVE_STRINGS_H 1
| #define HAVE_INTTYPES_H 1
| #define HAVE_STDINT_H 1
| #define HAVE_UNISTD_H 1
| #define HAVE_SYS_MMAN_H 1
| #define HAVE_DLFCN_H 1
| #define HAVE_SYS_DIR_H 1
| #define HAVE_DIRENT_H 1
| #define HAVE_NETINET_IN_SYSTM_H 1
| #define HAVE_ARPA_INET_H 1
| /* end confdefs.h.  */
| #include <stdio.h>
| #ifdef HAVE_SYS_TYPES_H
| # include <sys/types.h>
| #endif
| #ifdef HAVE_SYS_STAT_H
| # include <sys/stat.h>
| #endif
| #ifdef STDC_HEADERS
| # include <stdlib.h>
| # include <stddef.h>
| #else
| # ifdef HAVE_STDLIB_H
| #  include <stdlib.h>
| # endif
| #endif
| #ifdef HAVE_STRING_H
| # if !defined STDC_HEADERS && defined HAVE_MEMORY_H
| #  include <memory.h>
| # endif
| # include <string.h>
| #endif
| #ifdef HAVE_STRINGS_H
| # include <strings.h>
| #endif
| #ifdef HAVE_INTTYPES_H
| # include <inttypes.h>
| #endif
| #ifdef HAVE_STDINT_H
| # include <stdint.h>
| #endif
| #ifdef HAVE_UNISTD_H
| # include <unistd.h>
| #endif
| #include <select.h>
setup-configure:6838: result: no
setup-configure:6842: checking select.h presence
setup-configure:6857: wllvm -E  conftest.c
conftest.c:46:10: fatal error: 'select.h' file not found
#include <select.h>
         ^
1 error generated.
ERROR:Failed to compile using given arguments: [-E conftest.c]
setup-configure:6864: $? = 1
setup-configure: failed program was:
| /* confdefs.h.  */
| #define PACKAGE_NAME ""
| #define PACKAGE_TARNAME ""
| #define PACKAGE_VERSION ""
| #define PACKAGE_STRING ""
| #define PACKAGE_BUGREPORT ""
| #define WALL ""
| #define RETSIGTYPE void
| #define HAVE_SYSCONF 1
| #define HAVE_STRDUP 1
| #define HAVE_RINDEX 1
| #define HAVE_RANDOM 1
| #define HAVE_BCOPY 1
| #define HAVE_GETDTABLESIZE 1
| #define HAVE_STRSIGNAL 1
| #define HAVE_FTRUNCATE 1
| #define HAVE_SETRLIMIT 1
| #define HAVE_MADVISE 1
| #define HAVE_MSYNC 1
| #define HAVE_STRNCASECMP 1
| #define HAVE_MKTEMP 1
| #define HAVE_SNPRINTF 1
| #define HAVE_STRTOUL 1
| #define HAVE_STRPTIME 1
| #define HAVE_STRERROR 1
| #define HAVE_FLOCK 1
| #define HAVE_LIBNSL 1
| #define HAVE_LIBDL 1
| #define STDC_HEADERS 1
| #define HAVE_SYS_TYPES_H 1
| #define HAVE_SYS_STAT_H 1
| #define HAVE_STDLIB_H 1
| #define HAVE_STRING_H 1
| #define HAVE_MEMORY_H 1
| #define HAVE_STRINGS_H 1
| #define HAVE_INTTYPES_H 1
| #define HAVE_STDINT_H 1
| #define HAVE_UNISTD_H 1
| #define HAVE_SYS_MMAN_H 1
| #define HAVE_DLFCN_H 1
| #define HAVE_SYS_DIR_H 1
| #define HAVE_DIRENT_H 1
| #define HAVE_NETINET_IN_SYSTM_H 1
| #define HAVE_ARPA_INET_H 1
| /* end confdefs.h.  */
| #include <select.h>
setup-configure:6878: result: no
setup-configure:6906: checking for select.h
setup-configure:6915: result: no
setup-configure:6946: checking sys/select.h usability
setup-configure:6963: wllvm -c -g -O2  conftest.c >&5
setup-configure:6970: $? = 0
setup-configure:6984: result: yes
setup-configure:6988: checking sys/select.h presence
setup-configure:7003: wllvm -E  conftest.c
setup-configure:7010: $? = 0
setup-configure:7024: result: yes
setup-configure:7052: checking for sys/select.h
setup-configure:7061: result: yes
setup-configure:7092: checking sys/un.h usability
setup-configure:7109: wllvm -c -g -O2  conftest.c >&5
setup-configure:7116: $? = 0
setup-configure:7130: result: yes
setup-configure:7134: checking sys/un.h presence
setup-configure:7149: wllvm -E  conftest.c
setup-configure:7156: $? = 0
setup-configure:7170: result: yes
setup-configure:7198: checking for sys/un.h
setup-configure:7207: result: yes
setup-configure:7227: checking for strings.h
setup-configure:7234: result: yes
setup-configure:7384: checking stdarg.h usability
setup-configure:7401: wllvm -c -g -O2  conftest.c >&5
setup-configure:7408: $? = 0
setup-configure:7422: result: yes
setup-configure:7426: checking stdarg.h presence
setup-configure:7441: wllvm -E  conftest.c
setup-configure:7448: $? = 0
setup-configure:7462: result: yes
setup-configure:7490: checking for stdarg.h
setup-configure:7499: result: yes
setup-configure:7519: checking for string.h
setup-configure:7526: result: yes
setup-configure:7676: checking sys/timeb.h usability
setup-configure:7693: wllvm -c -g -O2  conftest.c >&5
setup-configure:7700: $? = 0
setup-configure:7714: result: yes
setup-configure:7718: checking sys/timeb.h presence
setup-configure:7733: wllvm -E  conftest.c
setup-configure:7740: $? = 0
setup-configure:7754: result: yes
setup-configure:7782: checking for sys/timeb.h
setup-configure:7791: result: yes
setup-configure:7811: checking for unistd.h
setup-configure:7818: result: yes
setup-configure:7957: checking for stdint.h
setup-configure:7964: result: yes
setup-configure:8114: checking signal.h usability
setup-configure:8131: wllvm -c -g -O2  conftest.c >&5
setup-configure:8138: $? = 0
setup-configure:8152: result: yes
setup-configure:8156: checking signal.h presence
setup-configure:8171: wllvm -E  conftest.c
setup-configure:8178: $? = 0
setup-configure:8192: result: yes
setup-configure:8220: checking for signal.h
setup-configure:8229: result: yes
setup-configure:8244: checking for size_t
setup-configure:8272: wllvm -c -g -O2  conftest.c >&5
setup-configure:8279: $? = 0
setup-configure:8306: wllvm -c -g -O2  conftest.c >&5
conftest.c:91:21: error: expected expression
if (sizeof ((size_t)))
                    ^
1 error generated.
ERROR:Failed to compile using given arguments: [-c -g -O2 conftest.c]
setup-configure:8313: $? = 1
setup-configure: failed program was:
| /* confdefs.h.  */
| #define PACKAGE_NAME ""
| #define PACKAGE_TARNAME ""
| #define PACKAGE_VERSION ""
| #define PACKAGE_STRING ""
| #define PACKAGE_BUGREPORT ""
| #define WALL ""
| #define RETSIGTYPE void
| #define HAVE_SYSCONF 1
| #define HAVE_STRDUP 1
| #define HAVE_RINDEX 1
| #define HAVE_RANDOM 1
| #define HAVE_BCOPY 1
| #define HAVE_GETDTABLESIZE 1
| #define HAVE_STRSIGNAL 1
| #define HAVE_FTRUNCATE 1
| #define HAVE_SETRLIMIT 1
| #define HAVE_MADVISE 1
| #define HAVE_MSYNC 1
| #define HAVE_STRNCASECMP 1
| #define HAVE_MKTEMP 1
| #define HAVE_SNPRINTF 1
| #define HAVE_STRTOUL 1
| #define HAVE_STRPTIME 1
| #define HAVE_STRERROR 1
| #define HAVE_FLOCK 1
| #define HAVE_LIBNSL 1
| #define HAVE_LIBDL 1
| #define STDC_HEADERS 1
| #define HAVE_SYS_TYPES_H 1
| #define HAVE_SYS_STAT_H 1
| #define HAVE_STDLIB_H 1
| #define HAVE_STRING_H 1
| #define HAVE_MEMORY_H 1
| #define HAVE_STRINGS_H 1
| #define HAVE_INTTYPES_H 1
| #define HAVE_STDINT_H 1
| #define HAVE_UNISTD_H 1
| #define HAVE_SYS_MMAN_H 1
| #define HAVE_DLFCN_H 1
| #define HAVE_SYS_DIR_H 1
| #define HAVE_DIRENT_H 1
| #define HAVE_NETINET_IN_SYSTM_H 1
| #define HAVE_ARPA_INET_H 1
| #define HAVE_SYS_SELECT_H 1
| #define HAVE_SYS_UN_H 1
| #define HAVE_STRINGS_H 1
| #define HAVE_STDARG_H 1
| #define HAVE_STRING_H 1
| #define HAVE_SYS_TIMEB_H 1
| #define HAVE_UNISTD_H 1
| #define HAVE_STDINT_H 1
| #define HAVE_SIGNAL_H 1
| /* end confdefs.h.  */
| #include <stdio.h>
| #ifdef HAVE_SYS_TYPES_H
| # include <sys/types.h>
| #endif
| #ifdef HAVE_SYS_STAT_H
| # include <sys/stat.h>
| #endif
| #ifdef STDC_HEADERS
| # include <stdlib.h>
| # include <stddef.h>
| #else
| # ifdef HAVE_STDLIB_H
| #  include <stdlib.h>
| # endif
| #endif
| #ifdef HAVE_STRING_H
| # if !defined STDC_HEADERS && defined HAVE_MEMORY_H
| #  include <memory.h>
| # endif
| # include <string.h>
| #endif
| #ifdef HAVE_STRINGS_H
| # include <strings.h>
| #endif
| #ifdef HAVE_INTTYPES_H
| # include <inttypes.h>
| #endif
| #ifdef HAVE_STDINT_H
| # include <stdint.h>
| #endif
| #ifdef HAVE_UNISTD_H
| # include <unistd.h>
| #endif
| int
| main ()
| {
| if (sizeof ((size_t)))
| 	  return 0;
|   ;
|   return 0;
| }
setup-configure:8336: result: yes
setup-configure:8452: creating ./config.status

## ---------------------- ##
## Running config.status. ##
## ---------------------- ##

This file was extended by config.status, which was
generated by GNU Autoconf 2.63.  Invocation command line was

  CONFIG_FILES    = 
  CONFIG_HEADERS  = 
  CONFIG_LINKS    = 
  CONFIG_COMMANDS = 
  $ ./config.status 

on byshen-pc

config.status:764: creating conf/site.mm
config.status:764: creating src/makegen/makegen.cf
config.status:764: creating src/common/config.h
config.status:975: src/common/config.h is unchanged

## ---------------- ##
## Cache variables. ##
## ---------------- ##

ac_cv_c_compiler_gnu=yes
ac_cv_env_CC_set=set
ac_cv_env_CC_value=wllvm
ac_cv_env_CFLAGS_set=
ac_cv_env_CFLAGS_value=
ac_cv_env_CPPFLAGS_set=
ac_cv_env_CPPFLAGS_value=
ac_cv_env_CPP_set=
ac_cv_env_CPP_value=
ac_cv_env_LDFLAGS_set=
ac_cv_env_LDFLAGS_value=
ac_cv_env_LIBS_set=
ac_cv_env_LIBS_value=
ac_cv_env_YACC_set=
ac_cv_env_YACC_value=
ac_cv_env_YFLAGS_set=
ac_cv_env_YFLAGS_value=
ac_cv_env_build_alias_set=
ac_cv_env_build_alias_value=
ac_cv_env_host_alias_set=
ac_cv_env_host_alias_value=
ac_cv_env_target_alias_set=
ac_cv_env_target_alias_value=
ac_cv_func_bcopy=yes
ac_cv_func_flock=yes
ac_cv_func_ftruncate=yes
ac_cv_func_getdtablesize=yes
ac_cv_func_madvise=yes
ac_cv_func_mktemp=yes
ac_cv_func_msync=yes
ac_cv_func_random=yes
ac_cv_func_rindex=yes
ac_cv_func_setrlimit=yes
ac_cv_func_snprintf=yes
ac_cv_func_strdup=yes
ac_cv_func_strerror=yes
ac_cv_func_strncasecmp=yes
ac_cv_func_strptime=yes
ac_cv_func_strsignal=yes
ac_cv_func_strtoul=yes
ac_cv_func_sysconf=yes
ac_cv_header_arpa_inet_h=yes
ac_cv_header_dirent_h=yes
ac_cv_header_dlfcn_h=yes
ac_cv_header_inttypes_h=yes
ac_cv_header_memory_h=yes
ac_cv_header_netinet_in_systm_h=yes
ac_cv_header_select_h=no
ac_cv_header_signal_h=yes
ac_cv_header_stdarg_h=yes
ac_cv_header_stdc=yes
ac_cv_header_stdint_h=yes
ac_cv_header_stdlib_h=yes
ac_cv_header_string_h=yes
ac_cv_header_strings_h=yes
ac_cv_header_sys_dir_h=yes
ac_cv_header_sys_mman_h=yes
ac_cv_header_sys_select_h=yes
ac_cv_header_sys_sockio_h=no
ac_cv_header_sys_stat_h=yes
ac_cv_header_sys_timeb_h=yes
ac_cv_header_sys_types_h=yes
ac_cv_header_sys_un_h=yes
ac_cv_header_unistd_h=yes
ac_cv_lib_dl_dlopen=yes
ac_cv_lib_gen=ac_cv_lib_gen_main
ac_cv_lib_gen_main=no
ac_cv_lib_nsl=ac_cv_lib_nsl_main
ac_cv_lib_nsl_main=yes
ac_cv_lib_socket=ac_cv_lib_socket_main
ac_cv_lib_socket_main=no
ac_cv_lib_x=ac_cv_lib_x_main
ac_cv_lib_x_main=no
ac_cv_objext=o
ac_cv_path_EGREP='/bin/grep -E'
ac_cv_path_GREP=/bin/grep
ac_cv_prog_CPP='wllvm -E'
ac_cv_prog_XYACC=bison
ac_cv_prog_YACC='bison -y'
ac_cv_prog_ac_ct_CC=wllvm
ac_cv_prog_ac_ct_RANLIB=ranlib
ac_cv_prog_cc_c89=
ac_cv_prog_cc_g=yes
ac_cv_type_signal=void
ac_cv_type_size_t=yes

## ----------------- ##
## Output variables. ##
## ----------------- ##

CC='wllvm'
CFLAGS='-g -O2'
CPP='wllvm -E'
CPPFLAGS=''
DEFS='-DHAVE_CONFIG_H'
ECHO_C=''
ECHO_N='-n'
ECHO_T=''
EGREP='/bin/grep -E'
EXEEXT=''
GREP='/bin/grep'
LDFLAGS=''
LIBOBJS=''
LIBS='-ldl -lnsl '
LTLIBOBJS=''
OBJEXT='o'
PACKAGE_BUGREPORT=''
PACKAGE_NAME=''
PACKAGE_STRING=''
PACKAGE_TARNAME=''
PACKAGE_VERSION=''
PATH_SEPARATOR=':'
RANLIB='ranlib'
SHELL='/bin/bash'
WALL=''
XYACC='bison'
YACC='bison -y'
YFLAGS=''
ac_ct_CC='wllvm'
bindir='${exec_prefix}/bin'
build_alias=''
datadir='${datarootdir}'
datarootdir='${prefix}/share'
docdir='${datarootdir}/doc/${PACKAGE}'
dvidir='${docdir}'
exec_prefix='${prefix}'
host_alias=''
htmldir='${docdir}'
includedir='${prefix}/include'
infodir='${datarootdir}/info'
libdir='${exec_prefix}/lib'
libexecdir='${exec_prefix}/libexec'
localedir='${datarootdir}/locale'
localstatedir='${prefix}/var'
mandir='${datarootdir}/man'
oldincludedir='/usr/include'
pdfdir='${docdir}'
prefix='/usr/local'
program_transform_name='s,x,x,'
psdir='${docdir}'
sbindir='${exec_prefix}/sbin'
sharedstatedir='${prefix}/com'
sysconfdir='${prefix}/etc'
target_alias=''

## ----------- ##
## confdefs.h. ##
## ----------- ##

#define PACKAGE_NAME ""
#define PACKAGE_TARNAME ""
#define PACKAGE_VERSION ""
#define PACKAGE_STRING ""
#define PACKAGE_BUGREPORT ""
#define WALL ""
#define RETSIGTYPE void
#define HAVE_SYSCONF 1
#define HAVE_STRDUP 1
#define HAVE_RINDEX 1
#define HAVE_RANDOM 1
#define HAVE_BCOPY 1
#define HAVE_GETDTABLESIZE 1
#define HAVE_STRSIGNAL 1
#define HAVE_FTRUNCATE 1
#define HAVE_SETRLIMIT 1
#define HAVE_MADVISE 1
#define HAVE_MSYNC 1
#define HAVE_STRNCASECMP 1
#define HAVE_MKTEMP 1
#define HAVE_SNPRINTF 1
#define HAVE_STRTOUL 1
#define HAVE_STRPTIME 1
#define HAVE_STRERROR 1
#define HAVE_FLOCK 1
#define HAVE_LIBNSL 1
#define HAVE_LIBDL 1
#define STDC_HEADERS 1
#define HAVE_SYS_TYPES_H 1
#define HAVE_SYS_STAT_H 1
#define HAVE_STDLIB_H 1
#define HAVE_STRING_H 1
#define HAVE_MEMORY_H 1
#define HAVE_STRINGS_H 1
#define HAVE_INTTYPES_H 1
#define HAVE_STDINT_H 1
#define HAVE_UNISTD_H 1
#define HAVE_SYS_MMAN_H 1
#define HAVE_DLFCN_H 1
#define HAVE_SYS_DIR_H 1
#define HAVE_DIRENT_H 1
#define HAVE_NETINET_IN_SYSTM_H 1
#define HAVE_ARPA_INET_H 1
#define HAVE_SYS_SELECT_H 1
#define HAVE_SYS_UN_H 1
#define HAVE_STRINGS_H 1
#define HAVE_STDARG_H 1
#define HAVE_STRING_H 1
#define HAVE_SYS_TIMEB_H 1
#define HAVE_UNISTD_H 1
#define HAVE_STDINT_H 1
#define HAVE_SIGNAL_H 1

setup-configure: exit 0
